c:\users\domip\desktop\prog2\hazi\hazi\hazi\debug\vc142.pdb
c:\users\domip\desktop\prog2\hazi\hazi\hazi\debug\vc142.idb
c:\users\domip\desktop\prog2\hazi\hazi\hazi\debug\rudigyar.obj
c:\users\domip\desktop\prog2\hazi\hazi\hazi\debug\rendeles.obj
c:\users\domip\desktop\prog2\hazi\hazi\hazi\debug\teljesrendeles.obj
c:\users\domip\desktop\prog2\hazi\hazi\hazi\debug\time.obj
c:\users\domip\desktop\prog2\hazi\hazi\hazi\debug\main.obj
c:\users\domip\desktop\prog2\hazi\hazi\debug\hazi.exe
c:\users\domip\desktop\prog2\hazi\hazi\debug\hazi.ilk
c:\users\domip\desktop\prog2\hazi\hazi\debug\hazi.pdb
c:\users\domip\desktop\prog2\hazi\hazi\hazi\debug\order.obj
c:\users\domip\desktop\prog2\hazi\hazi\hazi\debug\reszrendeles.obj
c:\users\domip\desktop\prog2\hazi\hazi\hazi\debug\rudigyar2.obj
c:\users\domip\desktop\prog2\hazi\hazi\hazi\debug\main.obj.enc
c:\users\domip\desktop\prog2\hazi\hazi\hazi\debug\rudigyar.obj.enc
c:\users\domip\desktop\prog2\hazi\hazi\hazi\debug\teljesrendeles.obj.enc
c:\users\domip\desktop\prog2\hazi\hazi\hazi\debug\time.obj.enc
c:\users\domip\desktop\prog2\hazi\hazi\hazi\debug\hazi.tlog\cl.command.1.tlog
c:\users\domip\desktop\prog2\hazi\hazi\hazi\debug\hazi.tlog\cl.read.1.tlog
c:\users\domip\desktop\prog2\hazi\hazi\hazi\debug\hazi.tlog\cl.write.1.tlog
c:\users\domip\desktop\prog2\hazi\hazi\hazi\debug\hazi.tlog\link.command.1.tlog
c:\users\domip\desktop\prog2\hazi\hazi\hazi\debug\hazi.tlog\link.read.1.tlog
c:\users\domip\desktop\prog2\hazi\hazi\hazi\debug\hazi.tlog\link.write.1.tlog
